2024-12-07 05:48:24.814 [info] [main] Log level: Info
2024-12-07 05:48:24.814 [info] [main] Validating found git in: "git"
2024-12-07 05:48:24.814 [info] [main] Using git "2.43.0" from "git"
2024-12-07 05:48:24.814 [info] [Model][doInitialScan] Initial repository scan started
2024-12-07 05:48:24.827 [info] > git rev-parse --show-toplevel [134ms]
2024-12-07 05:48:24.827 [info] fatal: not a git repository (or any of the parent directories): .git
2024-12-07 05:48:24.833 [info] > git rev-parse --show-toplevel [1ms]
2024-12-07 05:48:24.833 [info] fatal: not a git repository (or any of the parent directories): .git
2024-12-07 05:48:24.838 [info] > git rev-parse --show-toplevel [1ms]
2024-12-07 05:48:24.838 [info] fatal: not a git repository (or any of the parent directories): .git
2024-12-07 05:48:24.842 [info] > git rev-parse --show-toplevel [1ms]
2024-12-07 05:48:24.842 [info] fatal: not a git repository (or any of the parent directories): .git
2024-12-07 05:48:24.846 [info] > git rev-parse --show-toplevel [1ms]
2024-12-07 05:48:24.846 [info] fatal: not a git repository (or any of the parent directories): .git
2024-12-07 05:48:24.852 [info] [Model][doInitialScan] Initial repository scan completed - repositories (0), closed repositories (0), parent repositories (0), unsafe repositories (0)
2024-12-07 05:51:19.272 [info] > git rev-parse --show-toplevel [3ms]
2024-12-07 05:51:19.277 [info] > git rev-parse --git-dir --git-common-dir [1ms]
2024-12-07 05:51:19.294 [info] [Model][openRepository] Opened repository: /home/msyadav/frontend/MicroTodoUI-Frontend
2024-12-07 05:51:19.306 [info] > git config --get commit.template [2ms]
2024-12-07 05:51:19.317 [info] > git for-each-ref --format=%(refname)%00%(upstream:short)%00%(objectname)%00%(upstream:track)%00%(upstream:remotename)%00%(upstream:remoteref) refs/heads/main refs/remotes/main [6ms]
2024-12-07 05:51:19.320 [warning] [Git][revParse] Unable to read file: ENOENT: no such file or directory, open '/home/msyadav/frontend/MicroTodoUI-Frontend/.git/refs/remotes/origin/main'
2024-12-07 05:51:19.321 [info] > git rev-parse refs/remotes/origin/main [1ms]
2024-12-07 05:51:19.332 [info] > git status -z -uall [7ms]
2024-12-07 05:51:19.333 [info] > git for-each-ref --sort -committerdate --format %(refname) %(objectname) %(*objectname) [3ms]
2024-12-07 05:51:19.354 [info] > git for-each-ref --format=%(refname)%00%(upstream:short)%00%(objectname)%00%(upstream:track)%00%(upstream:remotename)%00%(upstream:remoteref) refs/heads/main refs/remotes/main [9ms]
2024-12-07 05:51:19.362 [info] > git config --local branch.main.vscode-merge-base [2ms]
2024-12-07 05:51:19.362 [warning] [Git][config] git config failed: Failed to execute git
2024-12-07 05:51:19.368 [info] > git config --get commit.template [15ms]
2024-12-07 05:51:19.373 [info] > git for-each-ref --format=%(refname)%00%(upstream:short)%00%(objectname)%00%(upstream:track)%00%(upstream:remotename)%00%(upstream:remoteref) refs/heads/main refs/remotes/main [2ms]
2024-12-07 05:51:19.376 [warning] [Git][revParse] Unable to read file: ENOENT: no such file or directory, open '/home/msyadav/frontend/MicroTodoUI-Frontend/.git/refs/remotes/origin/main'
2024-12-07 05:51:19.379 [info] > git reflog main --grep-reflog=branch: Created from *. [12ms]
2024-12-07 05:51:19.382 [info] > git rev-parse refs/remotes/origin/main [6ms]
2024-12-07 05:51:19.420 [info] > git status -z -uall [34ms]
2024-12-07 05:51:19.420 [info] > git for-each-ref --sort -committerdate --format %(refname) %(objectname) %(*objectname) [31ms]
2024-12-07 05:51:19.427 [info] > git symbolic-ref --short refs/remotes/origin/HEAD [45ms]
2024-12-07 05:51:19.432 [info] > git for-each-ref --format=%(refname)%00%(upstream:short)%00%(objectname)%00%(upstream:track)%00%(upstream:remotename)%00%(upstream:remoteref) refs/heads/main refs/remotes/main [5ms]
2024-12-07 05:51:19.437 [info] > git for-each-ref --format=%(refname)%00%(upstream:short)%00%(objectname)%00%(upstream:track)%00%(upstream:remotename)%00%(upstream:remoteref) refs/heads/origin/main refs/remotes/origin/main [7ms]
2024-12-07 05:51:19.442 [info] > git config --local branch.main.vscode-merge-base [6ms]
2024-12-07 05:51:19.442 [warning] [Git][config] git config failed: Failed to execute git
2024-12-07 05:51:19.446 [info] > git config --local branch.main.vscode-merge-base origin/main [6ms]
2024-12-07 05:51:19.450 [info] > git reflog main --grep-reflog=branch: Created from *. [5ms]
2024-12-07 05:51:19.454 [info] > git config --get commit.template [4ms]
2024-12-07 05:51:19.458 [info] > git symbolic-ref --short refs/remotes/origin/HEAD [5ms]
2024-12-07 05:51:19.461 [info] > git for-each-ref --format=%(refname)%00%(upstream:short)%00%(objectname)%00%(upstream:track)%00%(upstream:remotename)%00%(upstream:remoteref) refs/heads/main refs/remotes/main [4ms]
2024-12-07 05:51:19.464 [warning] [Git][revParse] Unable to read file: ENOENT: no such file or directory, open '/home/msyadav/frontend/MicroTodoUI-Frontend/.git/refs/remotes/origin/main'
2024-12-07 05:51:19.464 [info] > git for-each-ref --format=%(refname)%00%(upstream:short)%00%(objectname)%00%(upstream:track)%00%(upstream:remotename)%00%(upstream:remoteref) refs/heads/origin/main refs/remotes/origin/main [4ms]
2024-12-07 05:51:19.468 [info] > git rev-parse refs/remotes/origin/main [3ms]
2024-12-07 05:51:19.477 [info] > git status -z -uall [7ms]
2024-12-07 05:51:19.478 [info] > git config --local branch.main.vscode-merge-base origin/main [11ms]
2024-12-07 05:51:19.479 [info] > git for-each-ref --sort -committerdate --format %(refname) %(objectname) %(*objectname) [4ms] (cancelled)
2024-12-07 05:51:19.492 [info] > git for-each-ref --format=%(refname)%00%(upstream:short)%00%(objectname)%00%(upstream:track)%00%(upstream:remotename)%00%(upstream:remoteref) refs/heads/main refs/remotes/main [10ms]
2024-12-07 05:51:19.496 [info] > git config --get commit.template [6ms]
2024-12-07 05:51:19.496 [info] > git merge-base refs/heads/main refs/remotes/origin/main [10ms]
2024-12-07 05:51:19.500 [info] > git config --local branch.main.vscode-merge-base [5ms]
2024-12-07 05:51:19.508 [info] > git for-each-ref --format=%(refname)%00%(upstream:short)%00%(objectname)%00%(upstream:track)%00%(upstream:remotename)%00%(upstream:remoteref) refs/heads/main refs/remotes/main [2ms]
2024-12-07 05:51:19.508 [info] > git diff --name-status -z --diff-filter=ADMR a8b1ae16967a9277e4408977721d86cf79608dc0...refs/remotes/origin/main [9ms]
2024-12-07 05:51:19.509 [info] > git for-each-ref --format=%(refname)%00%(upstream:short)%00%(objectname)%00%(upstream:track)%00%(upstream:remotename)%00%(upstream:remoteref) refs/heads/origin/main refs/remotes/origin/main [6ms]
2024-12-07 05:51:19.512 [warning] [Git][revParse] Unable to read file: ENOENT: no such file or directory, open '/home/msyadav/frontend/MicroTodoUI-Frontend/.git/refs/remotes/origin/main'
2024-12-07 05:51:19.513 [info] > git rev-parse refs/remotes/origin/main [1ms]
2024-12-07 05:51:19.519 [info] > git status -z -uall [3ms]
2024-12-07 05:51:19.530 [info] > git for-each-ref --sort -committerdate --format %(refname) %(objectname) %(*objectname) [12ms]
2024-12-07 05:51:20.001 [info] > git show --textconv :Dockerfile [4ms]
2024-12-07 05:51:20.003 [info] > git ls-files --stage -- /home/msyadav/frontend/MicroTodoUI-Frontend/Dockerfile [3ms]
2024-12-07 05:51:20.007 [info] > git cat-file -s 43b04d000b5c3526caa09c3498cbb8c97d8e7688 [2ms]
2024-12-07 05:51:20.048 [info] > git check-ignore -v -z --stdin [2ms]
2024-12-07 05:51:20.651 [info] > git show --textconv :.env [4ms]
2024-12-07 05:51:20.652 [info] > git ls-files --stage -- /home/msyadav/frontend/MicroTodoUI-Frontend/.env [2ms]
2024-12-07 05:51:20.656 [info] > git cat-file -s f2895a314eea4630da1f8e83219c9cd0158ca563 [1ms]
2024-12-07 05:51:20.876 [info] > git config --get commit.template [6ms]
2024-12-07 05:51:20.876 [info] > git for-each-ref --format=%(refname)%00%(upstream:short)%00%(objectname)%00%(upstream:track)%00%(upstream:remotename)%00%(upstream:remoteref) refs/heads/main refs/remotes/main [3ms]
2024-12-07 05:51:20.879 [warning] [Git][revParse] Unable to read file: ENOENT: no such file or directory, open '/home/msyadav/frontend/MicroTodoUI-Frontend/.git/refs/remotes/origin/main'
2024-12-07 05:51:20.880 [info] > git rev-parse refs/remotes/origin/main [1ms]
2024-12-07 05:51:20.886 [info] > git status -z -uall [3ms]
2024-12-07 05:51:20.887 [info] > git for-each-ref --sort -committerdate --format %(refname) %(objectname) %(*objectname) [2ms]
2024-12-07 05:51:21.177 [info] > git ls-files --stage -- /home/msyadav/frontend/MicroTodoUI-Frontend/.env [3ms]
2024-12-07 05:51:21.181 [info] > git cat-file -s f2895a314eea4630da1f8e83219c9cd0158ca563 [1ms]
2024-12-07 05:51:21.381 [info] > git show --textconv :.env [2ms]
2024-12-07 05:57:25.114 [info] > git config --get commit.template [3ms]
2024-12-07 05:57:25.116 [info] > git for-each-ref --format=%(refname)%00%(upstream:short)%00%(objectname)%00%(upstream:track)%00%(upstream:remotename)%00%(upstream:remoteref) refs/heads/main refs/remotes/main [2ms]
2024-12-07 05:57:25.118 [warning] [Git][revParse] Unable to read file: ENOENT: no such file or directory, open '/home/msyadav/frontend/MicroTodoUI-Frontend/.git/refs/remotes/origin/main'
2024-12-07 05:57:25.119 [info] > git rev-parse refs/remotes/origin/main [1ms]
2024-12-07 05:57:25.125 [info] > git status -z -uall [3ms]
2024-12-07 05:57:25.126 [info] > git for-each-ref --sort -committerdate --format %(refname) %(objectname) %(*objectname) [2ms]
2024-12-07 05:57:30.138 [info] > git config --get commit.template [3ms]
2024-12-07 05:57:30.140 [info] > git for-each-ref --format=%(refname)%00%(upstream:short)%00%(objectname)%00%(upstream:track)%00%(upstream:remotename)%00%(upstream:remoteref) refs/heads/main refs/remotes/main [3ms]
2024-12-07 05:57:30.142 [warning] [Git][revParse] Unable to read file: ENOENT: no such file or directory, open '/home/msyadav/frontend/MicroTodoUI-Frontend/.git/refs/remotes/origin/main'
2024-12-07 05:57:30.144 [info] > git rev-parse refs/remotes/origin/main [2ms]
2024-12-07 05:57:30.151 [info] > git status -z -uall [5ms]
2024-12-07 05:57:30.152 [info] > git for-each-ref --sort -committerdate --format %(refname) %(objectname) %(*objectname) [3ms]
2024-12-07 05:57:35.162 [info] > git config --get commit.template [1ms]
2024-12-07 05:57:35.166 [info] > git for-each-ref --format=%(refname)%00%(upstream:short)%00%(objectname)%00%(upstream:track)%00%(upstream:remotename)%00%(upstream:remoteref) refs/heads/main refs/remotes/main [1ms]
2024-12-07 05:57:35.169 [warning] [Git][revParse] Unable to read file: ENOENT: no such file or directory, open '/home/msyadav/frontend/MicroTodoUI-Frontend/.git/refs/remotes/origin/main'
2024-12-07 05:57:35.170 [info] > git rev-parse refs/remotes/origin/main [2ms]
2024-12-07 05:57:35.174 [info] > git status -z -uall [2ms]
2024-12-07 05:57:35.176 [info] > git for-each-ref --sort -committerdate --format %(refname) %(objectname) %(*objectname) [2ms]
2024-12-07 05:57:40.188 [info] > git config --get commit.template [4ms]
2024-12-07 05:57:40.190 [info] > git for-each-ref --format=%(refname)%00%(upstream:short)%00%(objectname)%00%(upstream:track)%00%(upstream:remotename)%00%(upstream:remoteref) refs/heads/main refs/remotes/main [3ms]
2024-12-07 05:57:40.192 [warning] [Git][revParse] Unable to read file: ENOENT: no such file or directory, open '/home/msyadav/frontend/MicroTodoUI-Frontend/.git/refs/remotes/origin/main'
2024-12-07 05:57:40.193 [info] > git rev-parse refs/remotes/origin/main [1ms]
2024-12-07 05:57:40.199 [info] > git status -z -uall [3ms]
2024-12-07 05:57:40.201 [info] > git for-each-ref --sort -committerdate --format %(refname) %(objectname) %(*objectname) [2ms]
2024-12-07 05:57:45.213 [info] > git config --get commit.template [4ms]
2024-12-07 05:57:45.214 [info] > git for-each-ref --format=%(refname)%00%(upstream:short)%00%(objectname)%00%(upstream:track)%00%(upstream:remotename)%00%(upstream:remoteref) refs/heads/main refs/remotes/main [1ms]
2024-12-07 05:57:45.217 [warning] [Git][revParse] Unable to read file: ENOENT: no such file or directory, open '/home/msyadav/frontend/MicroTodoUI-Frontend/.git/refs/remotes/origin/main'
2024-12-07 05:57:45.218 [info] > git rev-parse refs/remotes/origin/main [1ms]
2024-12-07 05:57:45.225 [info] > git status -z -uall [3ms]
2024-12-07 05:57:45.226 [info] > git for-each-ref --sort -committerdate --format %(refname) %(objectname) %(*objectname) [2ms]
2024-12-07 05:57:50.236 [info] > git config --get commit.template [4ms]
2024-12-07 05:57:50.238 [info] > git for-each-ref --format=%(refname)%00%(upstream:short)%00%(objectname)%00%(upstream:track)%00%(upstream:remotename)%00%(upstream:remoteref) refs/heads/main refs/remotes/main [3ms]
2024-12-07 05:57:50.242 [warning] [Git][revParse] Unable to read file: ENOENT: no such file or directory, open '/home/msyadav/frontend/MicroTodoUI-Frontend/.git/refs/remotes/origin/main'
2024-12-07 05:57:50.243 [info] > git rev-parse refs/remotes/origin/main [2ms]
2024-12-07 05:57:50.250 [info] > git status -z -uall [4ms]
2024-12-07 05:57:50.251 [info] > git for-each-ref --sort -committerdate --format %(refname) %(objectname) %(*objectname) [2ms]
2024-12-07 05:57:55.264 [info] > git config --get commit.template [4ms]
2024-12-07 05:57:55.265 [info] > git for-each-ref --format=%(refname)%00%(upstream:short)%00%(objectname)%00%(upstream:track)%00%(upstream:remotename)%00%(upstream:remoteref) refs/heads/main refs/remotes/main [2ms]
2024-12-07 05:57:55.270 [warning] [Git][revParse] Unable to read file: ENOENT: no such file or directory, open '/home/msyadav/frontend/MicroTodoUI-Frontend/.git/refs/remotes/origin/main'
2024-12-07 05:57:55.272 [info] > git rev-parse refs/remotes/origin/main [2ms]
2024-12-07 05:57:55.279 [info] > git status -z -uall [4ms]
2024-12-07 05:57:55.281 [info] > git for-each-ref --sort -committerdate --format %(refname) %(objectname) %(*objectname) [3ms]
2024-12-07 05:58:00.293 [info] > git config --get commit.template [4ms]
2024-12-07 05:58:00.294 [info] > git for-each-ref --format=%(refname)%00%(upstream:short)%00%(objectname)%00%(upstream:track)%00%(upstream:remotename)%00%(upstream:remoteref) refs/heads/main refs/remotes/main [2ms]
2024-12-07 05:58:00.298 [warning] [Git][revParse] Unable to read file: ENOENT: no such file or directory, open '/home/msyadav/frontend/MicroTodoUI-Frontend/.git/refs/remotes/origin/main'
2024-12-07 05:58:00.299 [info] > git rev-parse refs/remotes/origin/main [1ms]
2024-12-07 05:58:00.307 [info] > git status -z -uall [4ms]
2024-12-07 05:58:00.308 [info] > git for-each-ref --sort -committerdate --format %(refname) %(objectname) %(*objectname) [2ms]
2024-12-07 05:58:05.323 [info] > git config --get commit.template [5ms]
2024-12-07 05:58:05.323 [info] > git for-each-ref --format=%(refname)%00%(upstream:short)%00%(objectname)%00%(upstream:track)%00%(upstream:remotename)%00%(upstream:remoteref) refs/heads/main refs/remotes/main [1ms]
2024-12-07 05:58:05.326 [warning] [Git][revParse] Unable to read file: ENOENT: no such file or directory, open '/home/msyadav/frontend/MicroTodoUI-Frontend/.git/refs/remotes/origin/main'
2024-12-07 05:58:05.327 [info] > git rev-parse refs/remotes/origin/main [1ms]
2024-12-07 05:58:05.335 [info] > git status -z -uall [5ms]
2024-12-07 05:58:05.337 [info] > git for-each-ref --sort -committerdate --format %(refname) %(objectname) %(*objectname) [3ms]
2024-12-07 05:58:10.349 [info] > git config --get commit.template [4ms]
2024-12-07 05:58:10.350 [info] > git for-each-ref --format=%(refname)%00%(upstream:short)%00%(objectname)%00%(upstream:track)%00%(upstream:remotename)%00%(upstream:remoteref) refs/heads/main refs/remotes/main [2ms]
2024-12-07 05:58:10.353 [warning] [Git][revParse] Unable to read file: ENOENT: no such file or directory, open '/home/msyadav/frontend/MicroTodoUI-Frontend/.git/refs/remotes/origin/main'
2024-12-07 05:58:10.354 [info] > git rev-parse refs/remotes/origin/main [1ms]
2024-12-07 05:58:10.361 [info] > git status -z -uall [5ms]
2024-12-07 05:58:10.362 [info] > git for-each-ref --sort -committerdate --format %(refname) %(objectname) %(*objectname) [2ms]
2024-12-07 05:58:15.374 [info] > git config --get commit.template [5ms]
2024-12-07 05:58:15.375 [info] > git for-each-ref --format=%(refname)%00%(upstream:short)%00%(objectname)%00%(upstream:track)%00%(upstream:remotename)%00%(upstream:remoteref) refs/heads/main refs/remotes/main [2ms]
2024-12-07 05:58:15.378 [warning] [Git][revParse] Unable to read file: ENOENT: no such file or directory, open '/home/msyadav/frontend/MicroTodoUI-Frontend/.git/refs/remotes/origin/main'
2024-12-07 05:58:15.379 [info] > git rev-parse refs/remotes/origin/main [2ms]
2024-12-07 05:58:15.386 [info] > git status -z -uall [4ms]
2024-12-07 05:58:15.388 [info] > git for-each-ref --sort -committerdate --format %(refname) %(objectname) %(*objectname) [3ms]
2024-12-07 05:58:20.399 [info] > git config --get commit.template [3ms]
2024-12-07 05:58:20.401 [info] > git for-each-ref --format=%(refname)%00%(upstream:short)%00%(objectname)%00%(upstream:track)%00%(upstream:remotename)%00%(upstream:remoteref) refs/heads/main refs/remotes/main [1ms]
2024-12-07 05:58:20.403 [warning] [Git][revParse] Unable to read file: ENOENT: no such file or directory, open '/home/msyadav/frontend/MicroTodoUI-Frontend/.git/refs/remotes/origin/main'
2024-12-07 05:58:20.404 [info] > git rev-parse refs/remotes/origin/main [1ms]
2024-12-07 05:58:20.412 [info] > git status -z -uall [5ms]
2024-12-07 05:58:20.413 [info] > git for-each-ref --sort -committerdate --format %(refname) %(objectname) %(*objectname) [3ms]
2024-12-07 05:58:27.103 [info] > git show --textconv :Dockerfile [4ms]
2024-12-07 05:58:27.105 [info] > git ls-files --stage -- /home/msyadav/frontend/MicroTodoUI-Frontend/Dockerfile [3ms]
2024-12-07 05:58:27.109 [info] > git cat-file -s 43b04d000b5c3526caa09c3498cbb8c97d8e7688 [2ms]
2024-12-07 05:58:58.377 [info] > git show --textconv :.env [4ms]
2024-12-07 05:58:58.378 [info] > git ls-files --stage -- /home/msyadav/frontend/MicroTodoUI-Frontend/.env [2ms]
2024-12-07 05:58:58.383 [info] > git cat-file -s f2895a314eea4630da1f8e83219c9cd0158ca563 [2ms]
2024-12-07 05:59:09.640 [info] > git show --textconv :Dockerfile [4ms]
2024-12-07 05:59:09.641 [info] > git ls-files --stage -- /home/msyadav/frontend/MicroTodoUI-Frontend/Dockerfile [3ms]
2024-12-07 05:59:09.644 [info] > git cat-file -s 43b04d000b5c3526caa09c3498cbb8c97d8e7688 [1ms]
2024-12-07 06:37:38.581 [info] > git check-ignore -v -z --stdin [3ms]
2024-12-07 06:37:42.709 [info] > git check-ignore -v -z --stdin [1ms]
2024-12-07 06:37:48.321 [info] > git show --textconv :package.json [3ms]
2024-12-07 06:37:48.323 [info] > git ls-files --stage -- /home/msyadav/frontend/MicroTodoUI-Frontend/package.json [2ms]
2024-12-07 06:37:48.327 [info] > git cat-file -s f56ad1b01f4e37b003714ba8b8d82824c2e90a0b [1ms]
2024-12-07 06:37:49.681 [info] > git show --textconv :.env [6ms]
2024-12-07 06:37:49.682 [info] > git ls-files --stage -- /home/msyadav/frontend/MicroTodoUI-Frontend/.env [5ms]
2024-12-07 06:37:49.687 [info] > git cat-file -s f2895a314eea4630da1f8e83219c9cd0158ca563 [2ms]
2024-12-07 06:38:02.680 [info] > git show --textconv :public/manifest.json [4ms]
2024-12-07 06:38:02.681 [info] > git ls-files --stage -- /home/msyadav/frontend/MicroTodoUI-Frontend/public/manifest.json [3ms]
2024-12-07 06:38:02.685 [info] > git cat-file -s 080d6c77ac21bb2ef88a6992b2b73ad93daaca92 [2ms]
2024-12-07 06:38:22.708 [info] > git show --textconv :package.json [6ms]
2024-12-07 06:38:22.709 [info] > git ls-files --stage -- /home/msyadav/frontend/MicroTodoUI-Frontend/package.json [2ms]
2024-12-07 06:38:22.714 [info] > git cat-file -s f56ad1b01f4e37b003714ba8b8d82824c2e90a0b [2ms]
2024-12-07 06:38:27.185 [info] > git show --textconv :Dockerfile [4ms]
2024-12-07 06:38:27.186 [info] > git ls-files --stage -- /home/msyadav/frontend/MicroTodoUI-Frontend/Dockerfile [2ms]
2024-12-07 06:38:27.190 [info] > git cat-file -s 43b04d000b5c3526caa09c3498cbb8c97d8e7688 [2ms]
2024-12-07 06:38:31.258 [info] > git show --textconv :.env [4ms]
2024-12-07 06:38:31.259 [info] > git ls-files --stage -- /home/msyadav/frontend/MicroTodoUI-Frontend/.env [2ms]
2024-12-07 06:38:31.263 [info] > git cat-file -s f2895a314eea4630da1f8e83219c9cd0158ca563 [1ms]
2024-12-07 06:38:37.089 [info] > git show --textconv :public/index.html [7ms]
2024-12-07 06:38:37.089 [info] > git ls-files --stage -- /home/msyadav/frontend/MicroTodoUI-Frontend/public/index.html [1ms]
2024-12-07 06:38:37.094 [info] > git cat-file -s aa069f27cbd9d53394428171c3989fd03db73c76 [2ms]
2024-12-07 06:38:39.519 [info] > git show --textconv :public/manifest.json [4ms]
2024-12-07 06:38:39.520 [info] > git ls-files --stage -- /home/msyadav/frontend/MicroTodoUI-Frontend/public/manifest.json [2ms]
2024-12-07 06:38:39.525 [info] > git cat-file -s 080d6c77ac21bb2ef88a6992b2b73ad93daaca92 [2ms]
2024-12-07 06:38:40.622 [info] > git show --textconv :public/robots.txt [4ms]
2024-12-07 06:38:40.623 [info] > git ls-files --stage -- /home/msyadav/frontend/MicroTodoUI-Frontend/public/robots.txt [2ms]
2024-12-07 06:38:40.628 [info] > git cat-file -s e9e57dc4d41b9b46e05112e9f45b7ea6ac0ba15e [1ms]
2024-12-07 06:38:49.802 [info] > git show --textconv :Dockerfile [4ms]
2024-12-07 06:38:49.803 [info] > git ls-files --stage -- /home/msyadav/frontend/MicroTodoUI-Frontend/Dockerfile [1ms]
2024-12-07 06:38:49.807 [info] > git cat-file -s 43b04d000b5c3526caa09c3498cbb8c97d8e7688 [1ms]
2024-12-07 06:38:52.272 [info] > git ls-files --stage -- /home/msyadav/frontend/MicroTodoUI-Frontend/package-lock.json [3ms]
2024-12-07 06:38:52.278 [info] > git cat-file -s 28fabdcd76f8475e70c6a1d261586835ccc7f5ed [1ms]
2024-12-07 06:38:52.286 [info] > git show --textconv :package-lock.json [21ms]
2024-12-07 06:38:59.489 [info] > git show --textconv :package.json [4ms]
2024-12-07 06:38:59.490 [info] > git ls-files --stage -- /home/msyadav/frontend/MicroTodoUI-Frontend/package.json [1ms]
2024-12-07 06:38:59.495 [info] > git cat-file -s f56ad1b01f4e37b003714ba8b8d82824c2e90a0b [2ms]
2024-12-07 06:39:01.614 [info] > git show --textconv :README.md [4ms]
2024-12-07 06:39:01.615 [info] > git ls-files --stage -- /home/msyadav/frontend/MicroTodoUI-Frontend/README.md [2ms]
2024-12-07 06:39:01.619 [info] > git cat-file -s fb073eee1e5e784a52f070fbf35465b9a9c86205 [2ms]
2024-12-07 06:39:01.699 [info] > git rev-parse --show-toplevel [1ms]
2024-12-07 06:39:01.699 [info] fatal: not a git repository (or any of the parent directories): .git
2024-12-07 06:39:03.563 [info] > git rev-parse --show-toplevel [2ms]
2024-12-07 06:39:03.563 [info] fatal: not a git repository (or any of the parent directories): .git
2024-12-07 06:40:00.135 [info] > git check-ignore -v -z --stdin [2ms]
2024-12-07 06:40:00.406 [info] > git config --get commit.template [3ms]
2024-12-07 06:40:00.408 [info] > git for-each-ref --format=%(refname)%00%(upstream:short)%00%(objectname)%00%(upstream:track)%00%(upstream:remotename)%00%(upstream:remoteref) refs/heads/main refs/remotes/main [2ms]
2024-12-07 06:40:00.411 [warning] [Git][revParse] Unable to read file: ENOENT: no such file or directory, open '/home/msyadav/frontend/MicroTodoUI-Frontend/.git/refs/remotes/origin/main'
2024-12-07 06:40:00.412 [info] > git rev-parse refs/remotes/origin/main [1ms]
2024-12-07 06:40:00.422 [info] > git status -z -uall [6ms]
2024-12-07 06:40:00.423 [info] > git for-each-ref --sort -committerdate --format %(refname) %(objectname) %(*objectname) [3ms]
2024-12-07 06:40:18.639 [info] > git check-ignore -v -z --stdin [1ms]
2024-12-07 06:40:18.726 [info] > git show --textconv :Manifest-frontend/deployment.yml [5ms]
2024-12-07 06:40:18.727 [info] > git ls-files --stage -- /home/msyadav/frontend/MicroTodoUI-Frontend/Manifest-frontend/deployment.yml [2ms]
2024-12-07 06:40:18.953 [info] > git config --get commit.template [4ms]
2024-12-07 06:40:18.953 [info] > git for-each-ref --format=%(refname)%00%(upstream:short)%00%(objectname)%00%(upstream:track)%00%(upstream:remotename)%00%(upstream:remoteref) refs/heads/main refs/remotes/main [1ms]
2024-12-07 06:40:18.956 [warning] [Git][revParse] Unable to read file: ENOENT: no such file or directory, open '/home/msyadav/frontend/MicroTodoUI-Frontend/.git/refs/remotes/origin/main'
2024-12-07 06:40:18.957 [info] > git rev-parse refs/remotes/origin/main [1ms]
2024-12-07 06:40:18.964 [info] > git status -z -uall [4ms]
2024-12-07 06:40:18.966 [info] > git for-each-ref --sort -committerdate --format %(refname) %(objectname) %(*objectname) [3ms]
2024-12-07 06:40:29.848 [info] > git check-ignore -v -z --stdin [1ms]
2024-12-07 06:40:29.946 [info] > git show --textconv :Manifest-frontend/service.yml [3ms]
2024-12-07 06:40:29.947 [info] > git ls-files --stage -- /home/msyadav/frontend/MicroTodoUI-Frontend/Manifest-frontend/service.yml [2ms]
2024-12-07 06:40:30.252 [info] > git config --get commit.template [4ms]
2024-12-07 06:40:30.253 [info] > git for-each-ref --format=%(refname)%00%(upstream:short)%00%(objectname)%00%(upstream:track)%00%(upstream:remotename)%00%(upstream:remoteref) refs/heads/main refs/remotes/main [2ms]
2024-12-07 06:40:30.257 [warning] [Git][revParse] Unable to read file: ENOENT: no such file or directory, open '/home/msyadav/frontend/MicroTodoUI-Frontend/.git/refs/remotes/origin/main'
2024-12-07 06:40:30.260 [info] > git rev-parse refs/remotes/origin/main [2ms]
2024-12-07 06:40:30.268 [info] > git status -z -uall [5ms]
2024-12-07 06:40:30.269 [info] > git for-each-ref --sort -committerdate --format %(refname) %(objectname) %(*objectname) [3ms]
2024-12-07 06:40:44.999 [info] > git show --textconv :Manifest-frontend/deployment.yml [3ms]
2024-12-07 06:40:45.000 [info] > git ls-files --stage -- /home/msyadav/frontend/MicroTodoUI-Frontend/Manifest-frontend/deployment.yml [3ms]
2024-12-07 06:40:45.461 [info] > git check-ignore -v -z --stdin [1ms]
2024-12-07 06:40:45.524 [info] > git show --textconv :Manifest-frontend/ingress.yml [4ms]
2024-12-07 06:40:45.525 [info] > git ls-files --stage -- /home/msyadav/frontend/MicroTodoUI-Frontend/Manifest-frontend/ingress.yml [2ms]
2024-12-07 06:40:45.758 [info] > git config --get commit.template [3ms]
2024-12-07 06:40:45.763 [info] > git for-each-ref --format=%(refname)%00%(upstream:short)%00%(objectname)%00%(upstream:track)%00%(upstream:remotename)%00%(upstream:remoteref) refs/heads/main refs/remotes/main [1ms]
2024-12-07 06:40:45.765 [warning] [Git][revParse] Unable to read file: ENOENT: no such file or directory, open '/home/msyadav/frontend/MicroTodoUI-Frontend/.git/refs/remotes/origin/main'
2024-12-07 06:40:45.766 [info] > git rev-parse refs/remotes/origin/main [1ms]
2024-12-07 06:40:45.774 [info] > git status -z -uall [5ms]
2024-12-07 06:40:45.775 [info] > git for-each-ref --sort -committerdate --format %(refname) %(objectname) %(*objectname) [2ms]
2024-12-07 06:40:52.203 [info] > git config --get commit.template [3ms]
2024-12-07 06:40:52.205 [info] > git for-each-ref --format=%(refname)%00%(upstream:short)%00%(objectname)%00%(upstream:track)%00%(upstream:remotename)%00%(upstream:remoteref) refs/heads/main refs/remotes/main [2ms]
2024-12-07 06:40:52.208 [warning] [Git][revParse] Unable to read file: ENOENT: no such file or directory, open '/home/msyadav/frontend/MicroTodoUI-Frontend/.git/refs/remotes/origin/main'
2024-12-07 06:40:52.209 [info] > git rev-parse refs/remotes/origin/main [1ms]
2024-12-07 06:40:52.217 [info] > git status -z -uall [5ms]
2024-12-07 06:40:52.218 [info] > git for-each-ref --sort -committerdate --format %(refname) %(objectname) %(*objectname) [2ms]
2024-12-07 06:40:57.231 [info] > git config --get commit.template [5ms]
2024-12-07 06:40:57.232 [info] > git for-each-ref --format=%(refname)%00%(upstream:short)%00%(objectname)%00%(upstream:track)%00%(upstream:remotename)%00%(upstream:remoteref) refs/heads/main refs/remotes/main [2ms]
2024-12-07 06:40:57.235 [warning] [Git][revParse] Unable to read file: ENOENT: no such file or directory, open '/home/msyadav/frontend/MicroTodoUI-Frontend/.git/refs/remotes/origin/main'
2024-12-07 06:40:57.237 [info] > git rev-parse refs/remotes/origin/main [2ms]
2024-12-07 06:40:57.243 [info] > git status -z -uall [4ms]
2024-12-07 06:40:57.244 [info] > git for-each-ref --sort -committerdate --format %(refname) %(objectname) %(*objectname) [1ms]
2024-12-07 06:41:02.257 [info] > git config --get commit.template [4ms]
2024-12-07 06:41:02.258 [info] > git for-each-ref --format=%(refname)%00%(upstream:short)%00%(objectname)%00%(upstream:track)%00%(upstream:remotename)%00%(upstream:remoteref) refs/heads/main refs/remotes/main [2ms]
2024-12-07 06:41:02.261 [warning] [Git][revParse] Unable to read file: ENOENT: no such file or directory, open '/home/msyadav/frontend/MicroTodoUI-Frontend/.git/refs/remotes/origin/main'
2024-12-07 06:41:02.263 [info] > git rev-parse refs/remotes/origin/main [2ms]
2024-12-07 06:41:02.270 [info] > git status -z -uall [5ms]
2024-12-07 06:41:02.272 [info] > git for-each-ref --sort -committerdate --format %(refname) %(objectname) %(*objectname) [2ms]
2024-12-07 06:41:10.689 [info] > git rev-parse --show-toplevel [10ms]
2024-12-07 06:41:10.689 [info] fatal: not a git repository (or any of the parent directories): .git
2024-12-07 06:41:10.802 [warning] [Model][getRepositoryExact] Failed to get repository realpath for: "/home/msyadav/.vscode-server/extensions/.f62bf8bb-e019-48cc-a33a-bc2ee78ea2a9/". Error:Error: ENOENT: no such file or directory, realpath '/home/msyadav/.vscode-server/extensions/.f62bf8bb-e019-48cc-a33a-bc2ee78ea2a9/'
2024-12-07 06:41:28.342 [info] > git rev-parse --show-toplevel [77ms]
2024-12-07 06:41:28.342 [info] fatal: not a git repository (or any of the parent directories): .git
2024-12-07 06:41:28.995 [info] > git rev-parse --show-toplevel [3ms]
2024-12-07 06:41:28.995 [info] fatal: not a git repository (or any of the parent directories): .git
2024-12-07 06:41:29.802 [info] > git rev-parse --show-toplevel [4ms]
2024-12-07 06:41:29.802 [info] fatal: not a git repository (or any of the parent directories): .git
2024-12-07 06:41:37.035 [info] > git rev-parse --show-toplevel [6ms]
2024-12-07 06:41:37.035 [info] fatal: not a git repository (or any of the parent directories): .git
2024-12-07 06:42:00.559 [info] > git show --textconv :Manifest-frontend/ingress.yml [7ms]
2024-12-07 06:42:00.560 [info] > git ls-files --stage -- /home/msyadav/frontend/MicroTodoUI-Frontend/Manifest-frontend/ingress.yml [2ms]
2024-12-07 06:42:03.865 [info] > git show --textconv :Manifest-frontend/deployment.yml [8ms]
2024-12-07 06:42:03.866 [info] > git ls-files --stage -- /home/msyadav/frontend/MicroTodoUI-Frontend/Manifest-frontend/deployment.yml [2ms]
2024-12-07 06:42:06.452 [info] > git show --textconv :Manifest-frontend/deployment.yml [11ms]
2024-12-07 06:42:06.452 [info] > git ls-files --stage -- /home/msyadav/frontend/MicroTodoUI-Frontend/Manifest-frontend/deployment.yml [4ms]
2024-12-07 06:42:16.636 [info] > git config --get commit.template [9ms]
2024-12-07 06:42:16.637 [info] > git for-each-ref --format=%(refname)%00%(upstream:short)%00%(objectname)%00%(upstream:track)%00%(upstream:remotename)%00%(upstream:remoteref) refs/heads/main refs/remotes/main [2ms]
2024-12-07 06:42:16.645 [warning] [Git][revParse] Unable to read file: ENOENT: no such file or directory, open '/home/msyadav/frontend/MicroTodoUI-Frontend/.git/refs/remotes/origin/main'
2024-12-07 06:42:16.646 [info] > git rev-parse refs/remotes/origin/main [2ms]
2024-12-07 06:42:16.662 [info] > git status -z -uall [9ms]
2024-12-07 06:42:16.664 [info] > git for-each-ref --sort -committerdate --format %(refname) %(objectname) %(*objectname) [4ms]
2024-12-07 06:42:21.686 [info] > git config --get commit.template [8ms]
2024-12-07 06:42:21.687 [info] > git for-each-ref --format=%(refname)%00%(upstream:short)%00%(objectname)%00%(upstream:track)%00%(upstream:remotename)%00%(upstream:remoteref) refs/heads/main refs/remotes/main [2ms]
2024-12-07 06:42:21.694 [warning] [Git][revParse] Unable to read file: ENOENT: no such file or directory, open '/home/msyadav/frontend/MicroTodoUI-Frontend/.git/refs/remotes/origin/main'
2024-12-07 06:42:21.695 [info] > git rev-parse refs/remotes/origin/main [1ms]
2024-12-07 06:42:21.709 [info] > git status -z -uall [7ms]
2024-12-07 06:42:21.710 [info] > git for-each-ref --sort -committerdate --format %(refname) %(objectname) %(*objectname) [1ms]
2024-12-07 06:42:26.890 [info] > git config --get commit.template [9ms]
2024-12-07 06:42:26.891 [info] > git for-each-ref --format=%(refname)%00%(upstream:short)%00%(objectname)%00%(upstream:track)%00%(upstream:remotename)%00%(upstream:remoteref) refs/heads/main refs/remotes/main [2ms]
2024-12-07 06:42:26.898 [warning] [Git][revParse] Unable to read file: ENOENT: no such file or directory, open '/home/msyadav/frontend/MicroTodoUI-Frontend/.git/refs/remotes/origin/main'
2024-12-07 06:42:26.899 [info] > git rev-parse refs/remotes/origin/main [1ms]
2024-12-07 06:42:26.914 [info] > git status -z -uall [8ms]
2024-12-07 06:42:26.917 [info] > git for-each-ref --sort -committerdate --format %(refname) %(objectname) %(*objectname) [4ms]
2024-12-07 06:42:32.406 [info] > git config --get commit.template [9ms]
2024-12-07 06:42:32.407 [info] > git for-each-ref --format=%(refname)%00%(upstream:short)%00%(objectname)%00%(upstream:track)%00%(upstream:remotename)%00%(upstream:remoteref) refs/heads/main refs/remotes/main [2ms]
2024-12-07 06:42:32.415 [warning] [Git][revParse] Unable to read file: ENOENT: no such file or directory, open '/home/msyadav/frontend/MicroTodoUI-Frontend/.git/refs/remotes/origin/main'
2024-12-07 06:42:32.417 [info] > git rev-parse refs/remotes/origin/main [2ms]
2024-12-07 06:42:32.432 [info] > git status -z -uall [8ms]
2024-12-07 06:42:32.434 [info] > git for-each-ref --sort -committerdate --format %(refname) %(objectname) %(*objectname) [3ms]
2024-12-07 06:42:37.455 [info] > git config --get commit.template [9ms]
2024-12-07 06:42:37.457 [info] > git for-each-ref --format=%(refname)%00%(upstream:short)%00%(objectname)%00%(upstream:track)%00%(upstream:remotename)%00%(upstream:remoteref) refs/heads/main refs/remotes/main [3ms]
2024-12-07 06:42:37.464 [warning] [Git][revParse] Unable to read file: ENOENT: no such file or directory, open '/home/msyadav/frontend/MicroTodoUI-Frontend/.git/refs/remotes/origin/main'
2024-12-07 06:42:37.465 [info] > git rev-parse refs/remotes/origin/main [2ms]
2024-12-07 06:42:37.480 [info] > git status -z -uall [9ms]
2024-12-07 06:42:37.483 [info] > git for-each-ref --sort -committerdate --format %(refname) %(objectname) %(*objectname) [4ms]
2024-12-07 06:42:42.501 [info] > git config --get commit.template [7ms]
2024-12-07 06:42:42.502 [info] > git for-each-ref --format=%(refname)%00%(upstream:short)%00%(objectname)%00%(upstream:track)%00%(upstream:remotename)%00%(upstream:remoteref) refs/heads/main refs/remotes/main [1ms]
2024-12-07 06:42:42.509 [warning] [Git][revParse] Unable to read file: ENOENT: no such file or directory, open '/home/msyadav/frontend/MicroTodoUI-Frontend/.git/refs/remotes/origin/main'
2024-12-07 06:42:42.511 [info] > git rev-parse refs/remotes/origin/main [2ms]
2024-12-07 06:42:42.526 [info] > git status -z -uall [8ms]
2024-12-07 06:42:42.528 [info] > git for-each-ref --sort -committerdate --format %(refname) %(objectname) %(*objectname) [3ms]
2024-12-07 06:42:49.179 [info] > git config --get commit.template [8ms]
2024-12-07 06:42:49.180 [info] > git for-each-ref --format=%(refname)%00%(upstream:short)%00%(objectname)%00%(upstream:track)%00%(upstream:remotename)%00%(upstream:remoteref) refs/heads/main refs/remotes/main [3ms]
2024-12-07 06:42:49.187 [warning] [Git][revParse] Unable to read file: ENOENT: no such file or directory, open '/home/msyadav/frontend/MicroTodoUI-Frontend/.git/refs/remotes/origin/main'
2024-12-07 06:42:49.188 [info] > git rev-parse refs/remotes/origin/main [1ms]
2024-12-07 06:42:49.204 [info] > git status -z -uall [9ms]
2024-12-07 06:42:49.206 [info] > git for-each-ref --sort -committerdate --format %(refname) %(objectname) %(*objectname) [3ms]
2024-12-07 06:42:54.223 [info] > git config --get commit.template [6ms]
2024-12-07 06:42:54.224 [info] > git for-each-ref --format=%(refname)%00%(upstream:short)%00%(objectname)%00%(upstream:track)%00%(upstream:remotename)%00%(upstream:remoteref) refs/heads/main refs/remotes/main [1ms]
2024-12-07 06:42:54.231 [warning] [Git][revParse] Unable to read file: ENOENT: no such file or directory, open '/home/msyadav/frontend/MicroTodoUI-Frontend/.git/refs/remotes/origin/main'
2024-12-07 06:42:54.233 [info] > git rev-parse refs/remotes/origin/main [2ms]
2024-12-07 06:42:54.246 [info] > git status -z -uall [6ms]
2024-12-07 06:42:54.248 [info] > git for-each-ref --sort -committerdate --format %(refname) %(objectname) %(*objectname) [2ms]
2024-12-07 06:43:30.374 [info] > git config --get commit.template [17ms]
2024-12-07 06:43:30.375 [info] > git for-each-ref --format=%(refname)%00%(upstream:short)%00%(objectname)%00%(upstream:track)%00%(upstream:remotename)%00%(upstream:remoteref) refs/heads/main refs/remotes/main [2ms]
2024-12-07 06:43:30.383 [warning] [Git][revParse] Unable to read file: ENOENT: no such file or directory, open '/home/msyadav/frontend/MicroTodoUI-Frontend/.git/refs/remotes/origin/main'
2024-12-07 06:43:30.384 [info] > git rev-parse refs/remotes/origin/main [2ms]
2024-12-07 06:43:30.402 [info] > git status -z -uall [11ms]
2024-12-07 06:43:30.404 [info] > git for-each-ref --sort -committerdate --format %(refname) %(objectname) %(*objectname) [2ms]
2024-12-07 06:43:35.427 [info] > git config --get commit.template [10ms]
2024-12-07 06:43:35.428 [info] > git for-each-ref --format=%(refname)%00%(upstream:short)%00%(objectname)%00%(upstream:track)%00%(upstream:remotename)%00%(upstream:remoteref) refs/heads/main refs/remotes/main [2ms]
2024-12-07 06:43:35.437 [warning] [Git][revParse] Unable to read file: ENOENT: no such file or directory, open '/home/msyadav/frontend/MicroTodoUI-Frontend/.git/refs/remotes/origin/main'
2024-12-07 06:43:35.439 [info] > git rev-parse refs/remotes/origin/main [2ms]
2024-12-07 06:43:35.454 [info] > git status -z -uall [7ms]
2024-12-07 06:43:35.458 [info] > git for-each-ref --sort -committerdate --format %(refname) %(objectname) %(*objectname) [4ms]
2024-12-07 06:43:38.467 [info] > git show --textconv :Manifest-frontend/service.yml [7ms]
2024-12-07 06:43:38.468 [info] > git ls-files --stage -- /home/msyadav/frontend/MicroTodoUI-Frontend/Manifest-frontend/service.yml [2ms]
2024-12-07 06:43:42.191 [info] > git config --get commit.template [11ms]
2024-12-07 06:43:42.193 [info] > git for-each-ref --format=%(refname)%00%(upstream:short)%00%(objectname)%00%(upstream:track)%00%(upstream:remotename)%00%(upstream:remoteref) refs/heads/main refs/remotes/main [3ms]
2024-12-07 06:43:42.203 [warning] [Git][revParse] Unable to read file: ENOENT: no such file or directory, open '/home/msyadav/frontend/MicroTodoUI-Frontend/.git/refs/remotes/origin/main'
2024-12-07 06:43:42.204 [info] > git rev-parse refs/remotes/origin/main [1ms]
2024-12-07 06:43:42.218 [info] > git status -z -uall [7ms]
2024-12-07 06:43:42.219 [info] > git for-each-ref --sort -committerdate --format %(refname) %(objectname) %(*objectname) [1ms]
2024-12-07 06:43:47.240 [info] > git config --get commit.template [9ms]
2024-12-07 06:43:47.242 [info] > git for-each-ref --format=%(refname)%00%(upstream:short)%00%(objectname)%00%(upstream:track)%00%(upstream:remotename)%00%(upstream:remoteref) refs/heads/main refs/remotes/main [2ms]
2024-12-07 06:43:47.250 [warning] [Git][revParse] Unable to read file: ENOENT: no such file or directory, open '/home/msyadav/frontend/MicroTodoUI-Frontend/.git/refs/remotes/origin/main'
2024-12-07 06:43:47.252 [info] > git rev-parse refs/remotes/origin/main [2ms]
2024-12-07 06:43:47.267 [info] > git status -z -uall [8ms]
2024-12-07 06:43:47.268 [info] > git for-each-ref --sort -committerdate --format %(refname) %(objectname) %(*objectname) [2ms]
2024-12-07 06:43:52.287 [info] > git config --get commit.template [7ms]
2024-12-07 06:43:52.288 [info] > git for-each-ref --format=%(refname)%00%(upstream:short)%00%(objectname)%00%(upstream:track)%00%(upstream:remotename)%00%(upstream:remoteref) refs/heads/main refs/remotes/main [1ms]
2024-12-07 06:43:52.295 [warning] [Git][revParse] Unable to read file: ENOENT: no such file or directory, open '/home/msyadav/frontend/MicroTodoUI-Frontend/.git/refs/remotes/origin/main'
2024-12-07 06:43:52.297 [info] > git rev-parse refs/remotes/origin/main [2ms]
2024-12-07 06:43:52.313 [info] > git status -z -uall [9ms]
2024-12-07 06:43:52.314 [info] > git for-each-ref --sort -committerdate --format %(refname) %(objectname) %(*objectname) [2ms]
2024-12-07 06:43:57.335 [info] > git config --get commit.template [8ms]
2024-12-07 06:43:57.336 [info] > git for-each-ref --format=%(refname)%00%(upstream:short)%00%(objectname)%00%(upstream:track)%00%(upstream:remotename)%00%(upstream:remoteref) refs/heads/main refs/remotes/main [2ms]
2024-12-07 06:43:57.342 [warning] [Git][revParse] Unable to read file: ENOENT: no such file or directory, open '/home/msyadav/frontend/MicroTodoUI-Frontend/.git/refs/remotes/origin/main'
2024-12-07 06:43:57.344 [info] > git rev-parse refs/remotes/origin/main [1ms]
2024-12-07 06:43:57.357 [info] > git status -z -uall [7ms]
2024-12-07 06:43:57.357 [info] > git for-each-ref --sort -committerdate --format %(refname) %(objectname) %(*objectname) [1ms]
2024-12-07 06:44:02.376 [info] > git config --get commit.template [8ms]
2024-12-07 06:44:02.376 [info] > git for-each-ref --format=%(refname)%00%(upstream:short)%00%(objectname)%00%(upstream:track)%00%(upstream:remotename)%00%(upstream:remoteref) refs/heads/main refs/remotes/main [1ms]
2024-12-07 06:44:02.383 [warning] [Git][revParse] Unable to read file: ENOENT: no such file or directory, open '/home/msyadav/frontend/MicroTodoUI-Frontend/.git/refs/remotes/origin/main'
2024-12-07 06:44:02.384 [info] > git rev-parse refs/remotes/origin/main [1ms]
2024-12-07 06:44:02.398 [info] > git status -z -uall [8ms]
2024-12-07 06:44:02.399 [info] > git for-each-ref --sort -committerdate --format %(refname) %(objectname) %(*objectname) [3ms]
2024-12-07 06:44:07.418 [info] > git config --get commit.template [7ms]
2024-12-07 06:44:07.419 [info] > git for-each-ref --format=%(refname)%00%(upstream:short)%00%(objectname)%00%(upstream:track)%00%(upstream:remotename)%00%(upstream:remoteref) refs/heads/main refs/remotes/main [2ms]
2024-12-07 06:44:07.425 [warning] [Git][revParse] Unable to read file: ENOENT: no such file or directory, open '/home/msyadav/frontend/MicroTodoUI-Frontend/.git/refs/remotes/origin/main'
2024-12-07 06:44:07.427 [info] > git rev-parse refs/remotes/origin/main [2ms]
2024-12-07 06:44:07.440 [info] > git status -z -uall [7ms]
2024-12-07 06:44:07.444 [info] > git for-each-ref --sort -committerdate --format %(refname) %(objectname) %(*objectname) [5ms]
2024-12-07 06:44:12.791 [info] > git config --get commit.template [8ms]
2024-12-07 06:44:12.792 [info] > git for-each-ref --format=%(refname)%00%(upstream:short)%00%(objectname)%00%(upstream:track)%00%(upstream:remotename)%00%(upstream:remoteref) refs/heads/main refs/remotes/main [1ms]
2024-12-07 06:44:12.799 [warning] [Git][revParse] Unable to read file: ENOENT: no such file or directory, open '/home/msyadav/frontend/MicroTodoUI-Frontend/.git/refs/remotes/origin/main'
2024-12-07 06:44:12.801 [info] > git rev-parse refs/remotes/origin/main [2ms]
2024-12-07 06:44:12.816 [info] > git status -z -uall [9ms]
2024-12-07 06:44:12.816 [info] > git for-each-ref --sort -committerdate --format %(refname) %(objectname) %(*objectname) [1ms]
2024-12-07 06:44:38.607 [info] > git show --textconv :Manifest-frontend/deployment.yml [8ms]
2024-12-07 06:44:38.609 [info] > git ls-files --stage -- /home/msyadav/frontend/MicroTodoUI-Frontend/Manifest-frontend/deployment.yml [2ms]
2024-12-07 06:44:54.446 [info] > git show --textconv :Manifest-frontend/service.yml [7ms]
2024-12-07 06:44:54.447 [info] > git ls-files --stage -- /home/msyadav/frontend/MicroTodoUI-Frontend/Manifest-frontend/service.yml [1ms]
2024-12-07 06:44:55.192 [info] > git show --textconv :Manifest-frontend/ingress.yml [7ms]
2024-12-07 06:44:55.193 [info] > git ls-files --stage -- /home/msyadav/frontend/MicroTodoUI-Frontend/Manifest-frontend/ingress.yml [1ms]
2024-12-07 06:44:59.905 [info] > git config --get commit.template [2ms]
2024-12-07 06:44:59.914 [info] > git for-each-ref --format=%(refname)%00%(upstream:short)%00%(objectname)%00%(upstream:track)%00%(upstream:remotename)%00%(upstream:remoteref) refs/heads/main refs/remotes/main [2ms]
2024-12-07 06:44:59.921 [warning] [Git][revParse] Unable to read file: ENOENT: no such file or directory, open '/home/msyadav/frontend/MicroTodoUI-Frontend/.git/refs/remotes/origin/main'
2024-12-07 06:44:59.922 [info] > git rev-parse refs/remotes/origin/main [1ms]
2024-12-07 06:44:59.935 [info] > git status -z -uall [7ms]
2024-12-07 06:44:59.936 [info] > git for-each-ref --sort -committerdate --format %(refname) %(objectname) %(*objectname) [2ms]
2024-12-07 06:45:04.959 [info] > git config --get commit.template [8ms]
2024-12-07 06:45:04.959 [info] > git for-each-ref --format=%(refname)%00%(upstream:short)%00%(objectname)%00%(upstream:track)%00%(upstream:remotename)%00%(upstream:remoteref) refs/heads/main refs/remotes/main [1ms]
2024-12-07 06:45:04.966 [warning] [Git][revParse] Unable to read file: ENOENT: no such file or directory, open '/home/msyadav/frontend/MicroTodoUI-Frontend/.git/refs/remotes/origin/main'
2024-12-07 06:45:04.968 [info] > git rev-parse refs/remotes/origin/main [2ms]
2024-12-07 06:45:04.983 [info] > git status -z -uall [8ms]
2024-12-07 06:45:04.984 [info] > git for-each-ref --sort -committerdate --format %(refname) %(objectname) %(*objectname) [2ms]
2024-12-07 06:45:10.003 [info] > git config --get commit.template [8ms]
2024-12-07 06:45:10.004 [info] > git for-each-ref --format=%(refname)%00%(upstream:short)%00%(objectname)%00%(upstream:track)%00%(upstream:remotename)%00%(upstream:remoteref) refs/heads/main refs/remotes/main [2ms]
2024-12-07 06:45:10.010 [warning] [Git][revParse] Unable to read file: ENOENT: no such file or directory, open '/home/msyadav/frontend/MicroTodoUI-Frontend/.git/refs/remotes/origin/main'
2024-12-07 06:45:10.011 [info] > git rev-parse refs/remotes/origin/main [1ms]
2024-12-07 06:45:10.026 [info] > git status -z -uall [8ms]
2024-12-07 06:45:10.027 [info] > git for-each-ref --sort -committerdate --format %(refname) %(objectname) %(*objectname) [2ms]
2024-12-07 06:45:15.050 [info] > git config --get commit.template [9ms]
2024-12-07 06:45:15.050 [info] > git for-each-ref --format=%(refname)%00%(upstream:short)%00%(objectname)%00%(upstream:track)%00%(upstream:remotename)%00%(upstream:remoteref) refs/heads/main refs/remotes/main [1ms]
2024-12-07 06:45:15.060 [warning] [Git][revParse] Unable to read file: ENOENT: no such file or directory, open '/home/msyadav/frontend/MicroTodoUI-Frontend/.git/refs/remotes/origin/main'
2024-12-07 06:45:15.061 [info] > git rev-parse refs/remotes/origin/main [1ms]
2024-12-07 06:45:15.075 [info] > git status -z -uall [8ms]
2024-12-07 06:45:15.076 [info] > git for-each-ref --sort -committerdate --format %(refname) %(objectname) %(*objectname) [2ms]
2024-12-07 06:45:20.096 [info] > git config --get commit.template [8ms]
2024-12-07 06:45:20.097 [info] > git for-each-ref --format=%(refname)%00%(upstream:short)%00%(objectname)%00%(upstream:track)%00%(upstream:remotename)%00%(upstream:remoteref) refs/heads/main refs/remotes/main [2ms]
2024-12-07 06:45:20.104 [warning] [Git][revParse] Unable to read file: ENOENT: no such file or directory, open '/home/msyadav/frontend/MicroTodoUI-Frontend/.git/refs/remotes/origin/main'
2024-12-07 06:45:20.106 [info] > git rev-parse refs/remotes/origin/main [2ms]
2024-12-07 06:45:20.122 [info] > git status -z -uall [10ms]
2024-12-07 06:45:20.123 [info] > git for-each-ref --sort -committerdate --format %(refname) %(objectname) %(*objectname) [3ms]
2024-12-07 06:45:25.738 [info] > git show --textconv :Manifest-frontend/service.yml [7ms]
2024-12-07 06:45:25.739 [info] > git ls-files --stage -- /home/msyadav/frontend/MicroTodoUI-Frontend/Manifest-frontend/service.yml [1ms]
2024-12-07 06:45:30.222 [info] > git show --textconv :Manifest-frontend/ingress.yml [8ms]
2024-12-07 06:45:30.222 [info] > git ls-files --stage -- /home/msyadav/frontend/MicroTodoUI-Frontend/Manifest-frontend/ingress.yml [1ms]
2024-12-07 06:45:36.788 [info] > git config --get commit.template [2ms]
2024-12-07 06:45:36.797 [info] > git for-each-ref --format=%(refname)%00%(upstream:short)%00%(objectname)%00%(upstream:track)%00%(upstream:remotename)%00%(upstream:remoteref) refs/heads/main refs/remotes/main [3ms]
2024-12-07 06:45:36.803 [warning] [Git][revParse] Unable to read file: ENOENT: no such file or directory, open '/home/msyadav/frontend/MicroTodoUI-Frontend/.git/refs/remotes/origin/main'
2024-12-07 06:45:36.805 [info] > git rev-parse refs/remotes/origin/main [2ms]
2024-12-07 06:45:36.819 [info] > git status -z -uall [8ms]
2024-12-07 06:45:36.829 [info] > git for-each-ref --sort -committerdate --format %(refname) %(objectname) %(*objectname) [11ms]
2024-12-07 06:45:41.853 [info] > git config --get commit.template [8ms]
2024-12-07 06:45:41.854 [info] > git for-each-ref --format=%(refname)%00%(upstream:short)%00%(objectname)%00%(upstream:track)%00%(upstream:remotename)%00%(upstream:remoteref) refs/heads/main refs/remotes/main [1ms]
2024-12-07 06:45:41.862 [warning] [Git][revParse] Unable to read file: ENOENT: no such file or directory, open '/home/msyadav/frontend/MicroTodoUI-Frontend/.git/refs/remotes/origin/main'
2024-12-07 06:45:41.863 [info] > git rev-parse refs/remotes/origin/main [1ms]
2024-12-07 06:45:41.877 [info] > git status -z -uall [7ms]
2024-12-07 06:45:41.878 [info] > git for-each-ref --sort -committerdate --format %(refname) %(objectname) %(*objectname) [2ms]
2024-12-07 06:46:00.927 [info] > git for-each-ref --format=%(refname)%00%(upstream:short)%00%(objectname)%00%(upstream:track)%00%(upstream:remotename)%00%(upstream:remoteref) refs/heads/main refs/remotes/main [1ms]
2024-12-07 06:46:00.928 [info] > git config --get commit.template [10ms]
2024-12-07 06:46:00.934 [warning] [Git][revParse] Unable to read file: ENOENT: no such file or directory, open '/home/msyadav/frontend/MicroTodoUI-Frontend/.git/refs/remotes/origin/main'
2024-12-07 06:46:00.935 [info] > git rev-parse refs/remotes/origin/main [1ms]
2024-12-07 06:46:00.950 [info] > git status -z -uall [8ms]
2024-12-07 06:46:00.952 [info] > git for-each-ref --sort -committerdate --format %(refname) %(objectname) %(*objectname) [2ms]
2024-12-07 06:46:08.340 [info] > git show --textconv :Manifest-frontend/service.yml [8ms]
2024-12-07 06:46:08.341 [info] > git ls-files --stage -- /home/msyadav/frontend/MicroTodoUI-Frontend/Manifest-frontend/service.yml [3ms]
2024-12-07 06:46:23.618 [info] > git show --textconv :Manifest-frontend/deployment.yml [11ms]
2024-12-07 06:46:23.620 [info] > git ls-files --stage -- /home/msyadav/frontend/MicroTodoUI-Frontend/Manifest-frontend/deployment.yml [4ms]
2024-12-07 06:46:28.324 [info] > git show --textconv :Manifest-frontend/service.yml [9ms]
2024-12-07 06:46:28.325 [info] > git ls-files --stage -- /home/msyadav/frontend/MicroTodoUI-Frontend/Manifest-frontend/service.yml [2ms]
2024-12-07 06:46:30.275 [info] > git show --textconv :Manifest-frontend/deployment.yml [10ms]
2024-12-07 06:46:30.276 [info] > git ls-files --stage -- /home/msyadav/frontend/MicroTodoUI-Frontend/Manifest-frontend/deployment.yml [2ms]
2024-12-07 06:47:17.164 [info] > git config --get commit.template [8ms]
2024-12-07 06:47:17.165 [info] > git for-each-ref --format=%(refname)%00%(upstream:short)%00%(objectname)%00%(upstream:track)%00%(upstream:remotename)%00%(upstream:remoteref) refs/heads/main refs/remotes/main [3ms]
2024-12-07 06:47:17.172 [warning] [Git][revParse] Unable to read file: ENOENT: no such file or directory, open '/home/msyadav/frontend/MicroTodoUI-Frontend/.git/refs/remotes/origin/main'
2024-12-07 06:47:17.174 [info] > git rev-parse refs/remotes/origin/main [2ms]
2024-12-07 06:47:17.191 [info] > git status -z -uall [10ms]
2024-12-07 06:47:17.193 [info] > git for-each-ref --sort -committerdate --format %(refname) %(objectname) %(*objectname) [2ms]
2024-12-07 06:47:20.094 [info] > git show --textconv :Manifest-frontend/ingress.yml [10ms]
2024-12-07 06:47:20.094 [info] > git ls-files --stage -- /home/msyadav/frontend/MicroTodoUI-Frontend/Manifest-frontend/ingress.yml [3ms]
2024-12-07 06:58:58.546 [info] > git config --get commit.template [7ms]
2024-12-07 06:58:58.548 [info] > git for-each-ref --format=%(refname)%00%(upstream:short)%00%(objectname)%00%(upstream:track)%00%(upstream:remotename)%00%(upstream:remoteref) refs/heads/main refs/remotes/main [4ms]
2024-12-07 06:58:58.555 [warning] [Git][revParse] Unable to read file: ENOENT: no such file or directory, open '/home/msyadav/frontend/MicroTodoUI-Frontend/.git/refs/remotes/origin/main'
2024-12-07 06:58:58.556 [info] > git rev-parse refs/remotes/origin/main [1ms]
2024-12-07 06:58:58.569 [info] > git status -z -uall [7ms]
2024-12-07 06:58:58.571 [info] > git for-each-ref --sort -committerdate --format %(refname) %(objectname) %(*objectname) [3ms]
2024-12-07 06:59:03.708 [info] > git config --get commit.template [8ms]
2024-12-07 06:59:03.709 [info] > git for-each-ref --format=%(refname)%00%(upstream:short)%00%(objectname)%00%(upstream:track)%00%(upstream:remotename)%00%(upstream:remoteref) refs/heads/main refs/remotes/main [2ms]
2024-12-07 06:59:03.715 [warning] [Git][revParse] Unable to read file: ENOENT: no such file or directory, open '/home/msyadav/frontend/MicroTodoUI-Frontend/.git/refs/remotes/origin/main'
2024-12-07 06:59:03.716 [info] > git rev-parse refs/remotes/origin/main [1ms]
2024-12-07 06:59:03.730 [info] > git status -z -uall [7ms]
2024-12-07 06:59:03.732 [info] > git for-each-ref --sort -committerdate --format %(refname) %(objectname) %(*objectname) [3ms]
