18149 : 2024-12-07 06:48:30,429 : INFO : telemetry.main : Attempt start. Configuration directory [/home/msyadav/.azure]. Cache directory [/home/msyadav/.azure/telemetry/20241207064830307].
18149 : 2024-12-07 06:48:30,429 : INFO : telemetry.records : 1 cache files to upload.
18149 : 2024-12-07 06:48:30,429 : INFO : telemetry.records : Processed file /home/msyadav/.azure/telemetry/20241207064830307/cache into 1 records.
18149 : 2024-12-07 06:48:30,430 : INFO : telemetry.records : Remove directory /home/msyadav/.azure/telemetry/20241207064830307
18149 : 2024-12-07 06:48:30,430 : INFO : telemetry.client : Accumulated 1 events. Flush the clients.
18149 : 2024-12-07 06:48:30,430 : INFO : telemetry.client : Flush client c4395b75-49cc-422c-bc95-c7d51aef5d46.
18149 : 2024-12-07 06:48:30,620 : INFO : telemetry.sender : Sending 4102 bytes
18149 : 2024-12-07 06:48:30,620 : INFO : telemetry.sender : Finish uploading in 0.189435 seconds.
24263 : 2024-12-07 06:50:58,593 : INFO : telemetry.main : Attempt start. Configuration directory [/home/msyadav/.azure]. Cache directory [/home/msyadav/.azure/telemetry/20241207065058428].
24263 : 2024-12-07 06:50:58,594 : INFO : telemetry.records : 1 cache files to upload.
24263 : 2024-12-07 06:50:58,595 : INFO : telemetry.records : Processed file /home/msyadav/.azure/telemetry/20241207065058428/cache into 1 records.
24263 : 2024-12-07 06:50:58,595 : INFO : telemetry.records : Remove directory /home/msyadav/.azure/telemetry/20241207065058428
24263 : 2024-12-07 06:50:58,596 : INFO : telemetry.client : Accumulated 1 events. Flush the clients.
24263 : 2024-12-07 06:50:58,596 : INFO : telemetry.client : Flush client c4395b75-49cc-422c-bc95-c7d51aef5d46.
24263 : 2024-12-07 06:50:58,792 : INFO : telemetry.sender : Sending 4102 bytes
24263 : 2024-12-07 06:50:58,792 : INFO : telemetry.sender : Finish uploading in 0.196042 seconds.
25129 : 2024-12-07 06:52:34,010 : INFO : telemetry.main : Attempt start. Configuration directory [/home/msyadav/.azure]. Cache directory [/home/msyadav/.azure/telemetry/20241207065233881].
25129 : 2024-12-07 06:52:34,011 : INFO : telemetry.records : 1 cache files to upload.
25129 : 2024-12-07 06:52:34,011 : INFO : telemetry.records : Processed file /home/msyadav/.azure/telemetry/20241207065233881/cache into 1 records.
25129 : 2024-12-07 06:52:34,012 : INFO : telemetry.records : Remove directory /home/msyadav/.azure/telemetry/20241207065233881
25129 : 2024-12-07 06:52:34,012 : INFO : telemetry.client : Accumulated 1 events. Flush the clients.
25129 : 2024-12-07 06:52:34,012 : INFO : telemetry.client : Flush client c4395b75-49cc-422c-bc95-c7d51aef5d46.
25129 : 2024-12-07 06:52:34,204 : INFO : telemetry.sender : Sending 4102 bytes
25129 : 2024-12-07 06:52:34,204 : INFO : telemetry.sender : Finish uploading in 0.191678 seconds.
25196 : 2024-12-07 06:53:35,422 : INFO : telemetry.main : Attempt start. Configuration directory [/home/msyadav/.azure]. Cache directory [/home/msyadav/.azure/telemetry/20241207065335296].
25196 : 2024-12-07 06:53:35,422 : INFO : telemetry.records : 1 cache files to upload.
25196 : 2024-12-07 06:53:35,423 : INFO : telemetry.records : Processed file /home/msyadav/.azure/telemetry/20241207065335296/cache into 1 records.
25196 : 2024-12-07 06:53:35,423 : INFO : telemetry.records : Remove directory /home/msyadav/.azure/telemetry/20241207065335296
25196 : 2024-12-07 06:53:35,424 : INFO : telemetry.client : Accumulated 1 events. Flush the clients.
25196 : 2024-12-07 06:53:35,424 : INFO : telemetry.client : Flush client c4395b75-49cc-422c-bc95-c7d51aef5d46.
25196 : 2024-12-07 06:53:35,609 : INFO : telemetry.sender : Sending 4034 bytes
25196 : 2024-12-07 06:53:35,610 : INFO : telemetry.sender : Finish uploading in 0.185467 seconds.
25439 : 2024-12-07 06:56:13,184 : INFO : telemetry.main : Attempt start. Configuration directory [/home/msyadav/.azure]. Cache directory [/home/msyadav/.azure/telemetry/20241207065613038].
25439 : 2024-12-07 06:56:13,185 : INFO : telemetry.records : 1 cache files to upload.
25439 : 2024-12-07 06:56:13,185 : INFO : telemetry.records : Processed file /home/msyadav/.azure/telemetry/20241207065613038/cache into 1 records.
25439 : 2024-12-07 06:56:13,185 : INFO : telemetry.records : Remove directory /home/msyadav/.azure/telemetry/20241207065613038
25439 : 2024-12-07 06:56:13,186 : INFO : telemetry.client : Accumulated 1 events. Flush the clients.
25439 : 2024-12-07 06:56:13,186 : INFO : telemetry.client : Flush client c4395b75-49cc-422c-bc95-c7d51aef5d46.
25439 : 2024-12-07 06:56:13,372 : INFO : telemetry.sender : Sending 3914 bytes
25439 : 2024-12-07 06:56:13,372 : INFO : telemetry.sender : Finish uploading in 0.186044 seconds.
25579 : 2024-12-07 06:56:59,705 : INFO : telemetry.main : Attempt start. Configuration directory [/home/msyadav/.azure]. Cache directory [/home/msyadav/.azure/telemetry/20241207065659573].
25579 : 2024-12-07 06:56:59,705 : INFO : telemetry.records : 1 cache files to upload.
25579 : 2024-12-07 06:56:59,706 : INFO : telemetry.records : Processed file /home/msyadav/.azure/telemetry/20241207065659573/cache into 1 records.
25579 : 2024-12-07 06:56:59,706 : INFO : telemetry.records : Remove directory /home/msyadav/.azure/telemetry/20241207065659573
25579 : 2024-12-07 06:56:59,707 : INFO : telemetry.client : Accumulated 1 events. Flush the clients.
25579 : 2024-12-07 06:56:59,707 : INFO : telemetry.client : Flush client c4395b75-49cc-422c-bc95-c7d51aef5d46.
25579 : 2024-12-07 06:56:59,908 : INFO : telemetry.sender : Sending 4175 bytes
25579 : 2024-12-07 06:56:59,908 : INFO : telemetry.sender : Finish uploading in 0.201309 seconds.
25761 : 2024-12-07 06:57:40,465 : INFO : telemetry.main : Attempt start. Configuration directory [/home/msyadav/.azure]. Cache directory [/home/msyadav/.azure/telemetry/20241207065740341].
25761 : 2024-12-07 06:57:40,465 : INFO : telemetry.records : 1 cache files to upload.
25761 : 2024-12-07 06:57:40,466 : INFO : telemetry.records : Processed file /home/msyadav/.azure/telemetry/20241207065740341/cache into 1 records.
25761 : 2024-12-07 06:57:40,466 : INFO : telemetry.records : Remove directory /home/msyadav/.azure/telemetry/20241207065740341
25761 : 2024-12-07 06:57:40,466 : INFO : telemetry.client : Accumulated 1 events. Flush the clients.
25761 : 2024-12-07 06:57:40,467 : INFO : telemetry.client : Flush client c4395b75-49cc-422c-bc95-c7d51aef5d46.
25761 : 2024-12-07 06:57:40,666 : INFO : telemetry.sender : Sending 4097 bytes
25761 : 2024-12-07 06:57:40,666 : INFO : telemetry.sender : Finish uploading in 0.199637 seconds.
25797 : 2024-12-07 06:57:44,953 : INFO : telemetry.main : Attempt start. Configuration directory [/home/msyadav/.azure]. Cache directory [/home/msyadav/.azure/telemetry/20241207065744816].
25797 : 2024-12-07 06:57:44,953 : INFO : telemetry.records : 1 cache files to upload.
25797 : 2024-12-07 06:57:44,954 : INFO : telemetry.records : Processed file /home/msyadav/.azure/telemetry/20241207065744816/cache into 1 records.
25797 : 2024-12-07 06:57:44,954 : INFO : telemetry.records : Remove directory /home/msyadav/.azure/telemetry/20241207065744816
25797 : 2024-12-07 06:57:44,955 : INFO : telemetry.client : Accumulated 1 events. Flush the clients.
25797 : 2024-12-07 06:57:44,955 : INFO : telemetry.client : Flush client c4395b75-49cc-422c-bc95-c7d51aef5d46.
25797 : 2024-12-07 06:57:45,146 : INFO : telemetry.sender : Sending 4228 bytes
25797 : 2024-12-07 06:57:45,146 : INFO : telemetry.sender : Finish uploading in 0.190681 seconds.
